INFO: [VRFC 10-2263] Analyzing Verilog file "C:/Users/zhangwei/Desktop/Vivado/basys3/snake/snake.srcs/sources_1/new/VGA_Control.v" into library xil_defaultlib
INFO: [VRFC 10-311] analyzing module VGA_Control
INFO: [VRFC 10-2263] Analyzing Verilog file "C:/Users/zhangwei/Desktop/Vivado/basys3/snake/snake.srcs/sources_1/new/clk_unit.v" into library xil_defaultlib
INFO: [VRFC 10-311] analyzing module clk_unit
INFO: [VRFC 10-2263] Analyzing Verilog file "C:/Users/zhangwei/Desktop/Vivado/basys3/snake/snake.srcs/sources_1/new/Snake.v" into library xil_defaultlib
INFO: [VRFC 10-311] analyzing module Snake
INFO: [VRFC 10-2263] Analyzing Verilog file "C:/Users/zhangwei/Desktop/Vivado/basys3/snake/snake.srcs/sources_1/new/Snake_Eatting_Apple.v" into library xil_defaultlib
INFO: [VRFC 10-311] analyzing module Snake_Eatting_Apple
INFO: [VRFC 10-2263] Analyzing Verilog file "C:/Users/zhangwei/Desktop/Vivado/basys3/snake/snake.srcs/sources_1/new/Seg_Display.v" into library xil_defaultlib
INFO: [VRFC 10-311] analyzing module Seg_Display
INFO: [VRFC 10-2263] Analyzing Verilog file "C:/Users/zhangwei/Desktop/Vivado/basys3/snake/snake.srcs/sources_1/new/Key.v" into library xil_defaultlib
INFO: [VRFC 10-311] analyzing module Key
INFO: [VRFC 10-2263] Analyzing Verilog file "C:/Users/zhangwei/Desktop/Vivado/basys3/snake/snake.srcs/sources_1/new/Game_Ctrl_Unit.v" into library xil_defaultlib
INFO: [VRFC 10-311] analyzing module Game_Ctrl_Unit
INFO: [VRFC 10-2263] Analyzing Verilog file "C:/Users/zhangwei/Desktop/Vivado/basys3/snake/snake.srcs/sources_1/new/VGA_top.v" into library xil_defaultlib
INFO: [VRFC 10-311] analyzing module VGA_top
INFO: [VRFC 10-2263] Analyzing Verilog file "C:/Users/zhangwei/Desktop/Vivado/basys3/snake/snake.srcs/sources_1/new/top_greedy_snake.v" into library xil_defaultlib
INFO: [VRFC 10-311] analyzing module top_greedy_snake
INFO: [VRFC 10-2263] Analyzing Verilog file "C:/Users/zhangwei/Desktop/Vivado/basys3/snake/snake.srcs/sim_1/new/snake_tb.v" into library xil_defaultlib
INFO: [VRFC 10-311] analyzing module snake_tb
INFO: [VRFC 10-2263] Analyzing Verilog file "C:/Users/zhangwei/Desktop/Vivado/basys3/snake/snake.sim/sim_1/behav/glbl.v" into library xil_defaultlib
INFO: [VRFC 10-311] analyzing module glbl
