Unable to capture context for thread 6584 in process 3148, can not generate back trace
Unable to capture context for thread 9328 in process 3148, can not generate back trace
Unable to capture context for thread 2464 in process 3148, can not generate back trace
Exception at PC 0x00007FFC983A7788
Unable to capture context for thread 2464 in process 3148, can not generate back trace
Exception at PC 0x00007FFC4B60BB93
Printing stacktrace...

Exception at PC 0x00007FFC983A7788
Exception at PC 0x00007FFC983A7788
Exception at PC 0x00007FFC983A7788
Exception at PC 0x00007FFC983A7788
Exception at PC 0x00007FFC983A7788
Exception at PC 0x00007FFC983A7788
Exception at PC 0x00007FFC983A7788
Exception at PC 0x00007FFC983A7788
Exception at PC 0x00007FFC983A7788
Exception at PC 0x00007FFC983A7788
Exception at PC 0x00007FFC983A7788
Exception at PC 0x00007FFC983A7788
Exception at PC 0x00007FFC983A7788
Exception at PC 0x00007FFC983A7788
Exception at PC 0x00007FFC983A7788
Exception at PC 0x00007FFC983A7788
Exception at PC 0x00007FFC983A7788
[0]  [0x00007FFC4B60BB93]
[1]  [0x00007FFC4B60BB93]
[2]  [0x00007FFC4B60B4A1]
[3]  [0x00007FFC4B60B3EF]
[4]  [0x00007FFC4B5F19FE]
[5]  [0x00007FFC4B5F0ED1]
[6]  [0x00007FFC4B5F0D76]
[7]  [0x00007FFC4B5979F6]
[8]  [0x00007FFC4B587AFB]
[9]  [0x00007FFC4B6AE90A]
[10]  [0x00007FFC4B6C9F87]
[11]  [0x00007FFC4B6CA05F]
[12] (BaseThreadInitThunk+0x14) [0x00007FFC9B168364]
[13] (RtlUserThreadStart+0x21) [0x00007FFC9B2B70D1]
Done
